<?xml version="1.0" encoding="UTF-8"?>
<!-- Generated by org.testng.reporters.JUnitXMLReporter -->
<testsuite hostname="BLR1-LHP-N64265" name="Different testing feature" tests="8" failures="1" timestamp="1 Oct 2019 10:37:29 GMT" time="35.154" errors="0">
  <testcase name="test1" time="0.009" classname="com.test.ExceptionTimeoOutTest"/>
  <testcase name="googleTitle" time="0.012" classname="com.test.GoogleTest"/>
  <testcase name="googleLogoTest" time="0.044" classname="com.test.GoogleTest"/>
  <testcase name="googleLogoTest" time="0.042" classname="com.test.GoogleTitleTest"/>
  <testcase name="googleTitle" time="0.014" classname="com.test.GoogleTitleTest">
    <failure type="java.lang.AssertionError" message="Title is not matched expected [Google123] but found [Google]">
      <![CDATA[java.lang.AssertionError: Title is not matched expected [Google123] but found [Google]
	at com.test.GoogleTitleTest.googleTitle(GoogleTitleTest.java:43)
... Removed 28 stack frames]]>
    </failure>
  </testcase> <!-- googleTitle -->
  <testcase name="sum" time="0.001" classname="com.test.InvocationCountTest"/>
  <testcase name="loginTest" time="0.001" classname="com.test.TestNgFeatures"/>
  <testcase name="HomePageTest" time="0.002" classname="com.test.TestNgFeatures"/>
</testsuite> <!-- Different testing feature -->
